<?xml version="1.0" encoding="UTF-8"?>
<!-- Generated by org.testng.reporters.JUnitReportReporter -->
<testsuite skipped="0" hostname="DESKTOP-ML2RV93" name="com.facebook.qa.test.LoginPageTest" tests="3" failures="0" timestamp="15 May 2019 14:24:19 GMT" time="48.480" errors="0">
  <testcase name="loginPageTitleTest" time="10.380" classname="com.facebook.qa.test.LoginPageTest"/>
  <testcase name="facebookImageTest" time="11.155" classname="com.facebook.qa.test.LoginPageTest"/>
  <testcase name="loginTest" time="26.945" classname="com.facebook.qa.test.LoginPageTest"/>
</testsuite> <!-- com.facebook.qa.test.LoginPageTest -->
